[2025-05-13T07:58:23.812Z] [32minfo[39m: 	[32mMongoDB disconnected[39m
[2025-05-13T07:58:23.820Z] [31merror[39m: 	[31mInitial MongoDB connection error[39m
[2025-05-13T07:58:23.825Z] [31merror[39m: 	[31mError in MongoDB connection[39m
[2025-05-13T07:58:23.826Z] [32minfo[39m: 	[32mServer is listening on port: 3000[39m
[2025-05-13T07:59:30.348Z] [32minfo[39m: 	[32mMongoDB disconnected[39m
[2025-05-13T07:59:30.351Z] [31merror[39m: 	[31mInitial MongoDB connection error[39m
[2025-05-13T07:59:30.352Z] [31merror[39m: 	[31mError in MongoDB connection[39m
[2025-05-13T07:59:30.353Z] [32minfo[39m: 	[32mServer is listening on port: 3000[39m
[2025-05-13T08:00:34.373Z] [32minfo[39m: 	[32mMongoDB disconnected[39m
[2025-05-13T08:00:34.376Z] [31merror[39m: 	[31mInitial MongoDB connection error[39m
[2025-05-13T08:00:34.378Z] [31merror[39m: 	[31mError in MongoDB connection[39m
[2025-05-13T08:00:34.378Z] [32minfo[39m: 	[32mServer is listening on port: 3000[39m
[2025-05-13T08:01:34.697Z] [32minfo[39m: 	[32mMongoDB disconnected[39m
[2025-05-13T08:01:34.700Z] [31merror[39m: 	[31mInitial MongoDB connection error[39m
[2025-05-13T08:01:34.702Z] [31merror[39m: 	[31mError in MongoDB connection[39m
[2025-05-13T08:01:34.702Z] [32minfo[39m: 	[32mServer is listening on port: 3000[39m
[2025-05-13T08:02:58.609Z] [32minfo[39m: 	[32mMongoDB disconnected[39m
[2025-05-13T08:02:58.612Z] [31merror[39m: 	[31mInitial MongoDB connection error[39m
[2025-05-13T08:02:58.615Z] [31merror[39m: 	[31mError in MongoDB connection[39m
[2025-05-13T08:02:58.620Z] [32minfo[39m: 	[32mServer is listening on port: 3000[39m
[2025-05-13T08:03:07.747Z] [32minfo[39m: 	[32mMongoDB disconnected[39m
[2025-05-13T08:03:07.751Z] [31merror[39m: 	[31mInitial MongoDB connection error[39m
[2025-05-13T08:03:07.754Z] [31merror[39m: 	[31mError in MongoDB connection[39m
[2025-05-13T08:03:07.755Z] [32minfo[39m: 	[32mServer is listening on port: 3000[39m
[2025-05-13T08:03:27.555Z] [32minfo[39m: 	[32mMongoDB disconnected[39m
[2025-05-13T08:03:27.557Z] [31merror[39m: 	[31mInitial MongoDB connection error[39m
[2025-05-13T08:03:27.559Z] [31merror[39m: 	[31mError in MongoDB connection[39m
[2025-05-13T08:03:27.559Z] [32minfo[39m: 	[32mServer is listening on port: 3000[39m
[2025-05-13T08:03:42.970Z] [32minfo[39m: 	[32mMongoDB disconnected[39m
[2025-05-13T08:03:42.974Z] [31merror[39m: 	[31mInitial MongoDB connection error[39m
[2025-05-13T08:03:42.976Z] [31merror[39m: 	[31mError in MongoDB connection[39m
[2025-05-13T08:03:42.977Z] [32minfo[39m: 	[32mServer is listening on port: 3000[39m
[2025-05-13T08:04:29.776Z] [32minfo[39m: 	[32mMongoDB disconnected[39m
[2025-05-13T08:04:29.779Z] [31merror[39m: 	[31mInitial MongoDB connection error[39m
[2025-05-13T08:04:29.780Z] [31merror[39m: 	[31mError in MongoDB connection[39m
[2025-05-13T08:04:29.781Z] [32minfo[39m: 	[32mServer is listening on port: 3000[39m
[2025-05-13T08:04:44.282Z] [32minfo[39m: 	[32mMongoDB connected[39m
[2025-05-13T08:04:44.284Z] [32minfo[39m: 	[32mSuccessfully connected to MongoDB[39m
[2025-05-13T08:04:44.286Z] [32minfo[39m: 	[32mServer is listening on port: 3000[39m
[2025-05-13T08:04:58.960Z] [32minfo[39m: 	[32mMongoDB connected[39m
[2025-05-13T08:04:58.962Z] [32minfo[39m: 	[32mSuccessfully connected to MongoDB[39m
[2025-05-13T08:04:58.965Z] [32minfo[39m: 	[32mServer is listening on port: 3000[39m
[2025-05-13T08:05:03.538Z] [32minfo[39m: 	[32mMongoDB connected[39m
[2025-05-13T08:05:03.541Z] [32minfo[39m: 	[32mSuccessfully connected to MongoDB[39m
[2025-05-13T08:05:03.543Z] [32minfo[39m: 	[32mServer is listening on port: 3000[39m
[2025-05-13T08:05:41.428Z] [32minfo[39m: 	[32mMongoDB connected[39m
[2025-05-13T08:05:41.430Z] [32minfo[39m: 	[32mSuccessfully connected to MongoDB[39m
[2025-05-13T08:05:41.432Z] [32minfo[39m: 	[32mServer is listening on port: 3000[39m
[2025-05-13T08:13:08.468Z] [32minfo[39m: 	[32mMongoDB connected[39m
[2025-05-13T08:13:08.470Z] [32minfo[39m: 	[32mSuccessfully connected to MongoDB[39m
[2025-05-13T08:13:08.472Z] [32minfo[39m: 	[32mServer is listening on port: 3000[39m
[2025-05-13T08:13:12.492Z] [32minfo[39m: 	[32mMongoDB connected[39m
[2025-05-13T08:13:12.494Z] [32minfo[39m: 	[32mSuccessfully connected to MongoDB[39m
[2025-05-13T08:13:12.496Z] [32minfo[39m: 	[32mServer is listening on port: 3000[39m
[2025-05-13T08:13:50.913Z] [32minfo[39m: 	[32mMongoDB connected[39m
[2025-05-13T08:13:50.916Z] [32minfo[39m: 	[32mSuccessfully connected to MongoDB[39m
[2025-05-13T08:13:50.918Z] [32minfo[39m: 	[32mServer is listening on port: 3000[39m
[2025-05-13T08:14:44.228Z] [32minfo[39m: 	[32mMongoDB connected[39m
[2025-05-13T08:14:44.230Z] [32minfo[39m: 	[32mSuccessfully connected to MongoDB[39m
[2025-05-13T08:14:44.232Z] [32minfo[39m: 	[32mServer is listening on port: 3000[39m
[2025-05-13T08:14:58.521Z] [32minfo[39m: 	[32mMongoDB connected[39m
[2025-05-13T08:14:58.523Z] [32minfo[39m: 	[32mSuccessfully connected to MongoDB[39m
[2025-05-13T08:14:58.526Z] [32minfo[39m: 	[32mServer is listening on port: 3000[39m
[2025-05-13T08:15:38.944Z] [32minfo[39m: 	[32mMongoDB connected[39m
[2025-05-13T08:15:38.948Z] [32minfo[39m: 	[32mSuccessfully connected to MongoDB[39m
[2025-05-13T08:15:38.952Z] [32minfo[39m: 	[32mServer is listening on port: 3000[39m
[2025-05-13T08:15:54.572Z] [32minfo[39m: 	[32mMongoDB connected[39m
[2025-05-13T08:15:54.575Z] [32minfo[39m: 	[32mSuccessfully connected to MongoDB[39m
[2025-05-13T08:15:54.578Z] [32minfo[39m: 	[32mServer is listening on port: 3000[39m
[2025-05-13T08:17:20.074Z] [32minfo[39m: 	[32mMongoDB connected[39m
[2025-05-13T08:17:20.077Z] [32minfo[39m: 	[32mSuccessfully connected to MongoDB[39m
[2025-05-13T08:17:20.080Z] [32minfo[39m: 	[32mServer is listening on port: 3000[39m
[2025-05-13T08:17:44.558Z] [32minfo[39m: 	[32mMongoDB connected[39m
[2025-05-13T08:17:44.560Z] [32minfo[39m: 	[32mSuccessfully connected to MongoDB[39m
[2025-05-13T08:17:44.562Z] [32minfo[39m: 	[32mSocket.IO initialized and waiting for connections[39m
[2025-05-13T08:17:44.563Z] [32minfo[39m: 	[32mServer is listening on port: 3000[39m
[2025-05-13T08:17:57.534Z] [32minfo[39m: 	[32mMongoDB connected[39m
[2025-05-13T08:17:57.536Z] [32minfo[39m: 	[32mSuccessfully connected to MongoDB[39m
[2025-05-13T08:17:57.539Z] [32minfo[39m: 	[32mServer is listening on port: 3000[39m
[2025-05-13T08:18:09.340Z] [32minfo[39m: 	[32mMongoDB connected[39m
[2025-05-13T08:18:09.342Z] [32minfo[39m: 	[32mSuccessfully connected to MongoDB[39m
[2025-05-13T08:18:09.345Z] [32minfo[39m: 	[32mServer is listening on port: 3000[39m
[2025-05-13T08:19:09.728Z] [32minfo[39m: 	[32mMongoDB connected[39m
[2025-05-13T08:19:09.731Z] [32minfo[39m: 	[32mSuccessfully connected to MongoDB[39m
[2025-05-13T08:19:09.733Z] [32minfo[39m: 	[32mSocket.IO initialized[39m
[2025-05-13T08:19:09.734Z] [32minfo[39m: 	[32mServer is listening on port: 3000[39m
[2025-05-13T08:19:21.239Z] [32minfo[39m: 	[32mMongoDB connected[39m
[2025-05-13T08:19:21.241Z] [32minfo[39m: 	[32mSuccessfully connected to MongoDB[39m
[2025-05-13T08:19:21.243Z] [32minfo[39m: 	[32mSocket.IO initialized[39m
[2025-05-13T08:20:14.115Z] [32minfo[39m: 	[32mMongoDB connected[39m
[2025-05-13T08:20:14.117Z] [32minfo[39m: 	[32mSuccessfully connected to MongoDB[39m
[2025-05-13T08:20:14.121Z] [32minfo[39m: 	[32mSocket.IO initialized[39m
[2025-05-13T08:20:42.446Z] [32minfo[39m: 	[32mMongoDB connected[39m
[2025-05-13T08:20:42.449Z] [32minfo[39m: 	[32mSuccessfully connected to MongoDB[39m
[2025-05-13T08:20:42.451Z] [32minfo[39m: 	[32mSocket.IO initialized[39m
[2025-05-13T08:21:03.533Z] [32minfo[39m: 	[32mMongoDB connected[39m
[2025-05-13T08:21:03.535Z] [32minfo[39m: 	[32mSuccessfully connected to MongoDB[39m
[2025-05-13T08:21:03.537Z] [32minfo[39m: 	[32mSocket.IO initialized[39m
[2025-05-13T08:21:17.212Z] [32minfo[39m: 	[32mMongoDB connected[39m
[2025-05-13T08:21:17.214Z] [32minfo[39m: 	[32mSuccessfully connected to MongoDB[39m
[2025-05-13T08:21:17.216Z] [32minfo[39m: 	[32mSocket.IO initialized[39m
[2025-05-13T08:22:34.789Z] [32minfo[39m: 	[32mMongoDB connected[39m
[2025-05-13T08:22:34.792Z] [32minfo[39m: 	[32mSuccessfully connected to MongoDB[39m
[2025-05-13T08:22:34.794Z] [32minfo[39m: 	[32mSocket.IO initialized[39m
[2025-05-13T08:22:34.796Z] [32minfo[39m: 	[32mHTTP server listening on port 3000[39m
[2025-05-13T08:22:41.806Z] [32minfo[39m: 	[32mMongoDB connected[39m
[2025-05-13T08:22:41.809Z] [32minfo[39m: 	[32mSuccessfully connected to MongoDB[39m
[2025-05-13T08:22:41.811Z] [32minfo[39m: 	[32mSocket.IO initialized[39m
[2025-05-13T08:22:41.813Z] [32minfo[39m: 	[32mHTTP server listening on port 3000[39m
